Using pre-set license
Built from '2021.3/staging' branch; Version is '2021.3.29f1 (204d6dc9ae1c) revision 2116973'; Using compiler version '192829333'; Build Type 'Release'
OS: 'Windows 10  (10.0.19045) 64bit Professional' Language: 'en' Physical Memory: 16307 MB
BatchMode: 1, IsHumanControllingUs: 0, StartBugReporterOnCrash: 0, Is64bit: 1, IsPro: 1

COMMAND LINE ARGUMENTS:
C:\Program Files\Unity\Hub\Editor\2021.3.29f1\Editor\Unity.exe
-adb2
-batchMode
-noUpm
-name
AssetImportWorker0
-projectPath
C:/projects/SurvivalNew/Survival
-logFile
Logs/AssetImportWorker0.log
-srvPort
50096
Successfully changed project path to: C:/projects/SurvivalNew/Survival
C:/projects/SurvivalNew/Survival
[UnityMemory] Configuration Parameters - Can be set up in boot.config
    "memorysetup-bucket-allocator-granularity=16"
    "memorysetup-bucket-allocator-bucket-count=8"
    "memorysetup-bucket-allocator-block-size=33554432"
    "memorysetup-bucket-allocator-block-count=8"
    "memorysetup-main-allocator-block-size=16777216"
    "memorysetup-thread-allocator-block-size=16777216"
    "memorysetup-gfx-main-allocator-block-size=16777216"
    "memorysetup-gfx-thread-allocator-block-size=16777216"
    "memorysetup-cache-allocator-block-size=4194304"
    "memorysetup-typetree-allocator-block-size=2097152"
    "memorysetup-profiler-bucket-allocator-granularity=16"
    "memorysetup-profiler-bucket-allocator-bucket-count=8"
    "memorysetup-profiler-bucket-allocator-block-size=33554432"
    "memorysetup-profiler-bucket-allocator-block-count=8"
    "memorysetup-profiler-allocator-block-size=16777216"
    "memorysetup-profiler-editor-allocator-block-size=1048576"
    "memorysetup-temp-allocator-size-main=16777216"
    "memorysetup-job-temp-allocator-block-size=2097152"
    "memorysetup-job-temp-allocator-block-size-background=1048576"
    "memorysetup-job-temp-allocator-reduction-small-platforms=262144"
    "memorysetup-temp-allocator-size-background-worker=32768"
    "memorysetup-temp-allocator-size-job-worker=262144"
    "memorysetup-temp-allocator-size-preload-manager=33554432"
    "memorysetup-temp-allocator-size-nav-mesh-worker=65536"
    "memorysetup-temp-allocator-size-audio-worker=65536"
    "memorysetup-temp-allocator-size-cloud-worker=32768"
    "memorysetup-temp-allocator-size-gi-baking-worker=262144"
    "memorysetup-temp-allocator-size-gfx=262144"
Player connection [15292] Host "[IP] 192.168.1.15 [Port] 0 [Flags] 2 [Guid] 3906506470 [EditorId] 3906506470 [Version] 1048832 [Id] WindowsEditor(7,DESKTOP-MU04T8A) [Debug] 1 [PackageName] WindowsEditor [ProjectName] Editor" joined multi-casting on [225.0.0.222:54997]...

Player connection [15292] Host "[IP] 192.168.1.15 [Port] 0 [Flags] 2 [Guid] 3906506470 [EditorId] 3906506470 [Version] 1048832 [Id] WindowsEditor(7,DESKTOP-MU04T8A) [Debug] 1 [PackageName] WindowsEditor [ProjectName] Editor" joined alternative multi-casting on [225.0.0.222:34997]...

Refreshing native plugins compatible for Editor in 79.10 ms, found 3 plugins.
Preloading 0 native plugins for Editor in 0.00 ms.
Initialize engine version: 2021.3.29f1 (204d6dc9ae1c)
[Subsystems] Discovering subsystems at path C:/Program Files/Unity/Hub/Editor/2021.3.29f1/Editor/Data/Resources/UnitySubsystems
[Subsystems] Discovering subsystems at path C:/projects/SurvivalNew/Survival/Assets
GfxDevice: creating device client; threaded=0; jobified=0
Direct3D:
    Version:  Direct3D 11.0 [level 11.1]
    Renderer: AMD Radeon RX 6600 (ID=0x73ff)
    Vendor:   ATI
    VRAM:     8147 MB
    Driver:   31.0.21029.1006
Initialize mono
Mono path[0] = 'C:/Program Files/Unity/Hub/Editor/2021.3.29f1/Editor/Data/Managed'
Mono path[1] = 'C:/Program Files/Unity/Hub/Editor/2021.3.29f1/Editor/Data/MonoBleedingEdge/lib/mono/unityjit-win32'
Mono config path = 'C:/Program Files/Unity/Hub/Editor/2021.3.29f1/Editor/Data/MonoBleedingEdge/etc'
Using monoOptions --debugger-agent=transport=dt_socket,embedding=1,server=y,suspend=n,address=127.0.0.1:56152
Begin MonoManager ReloadAssembly
Registering precompiled unity dll's ...
Register platform support module: C:/Program Files/Unity/Hub/Editor/2021.3.29f1/Editor/Data/PlaybackEngines/AndroidPlayer/UnityEditor.Android.Extensions.dll
Register platform support module: C:/Program Files/Unity/Hub/Editor/2021.3.29f1/Editor/Data/PlaybackEngines/WindowsStandaloneSupport/UnityEditor.WindowsStandalone.Extensions.dll
Registered in 0.006802 seconds.
Native extension for WindowsStandalone target not found
Native extension for Android target not found
Android Extension - Scanning For ADB Devices 190 ms
Refreshing native plugins compatible for Editor in 80.76 ms, found 3 plugins.
Preloading 0 native plugins for Editor in 0.00 ms.
Mono: successfully reloaded assembly
- Completed reload, in  0.778 seconds
Domain Reload Profiling:
	ReloadAssembly (778ms)
		BeginReloadAssembly (69ms)
			ExecutionOrderSort (0ms)
			DisableScriptedObjects (0ms)
			BackupInstance (0ms)
			ReleaseScriptingObjects (0ms)
			CreateAndSetChildDomain (1ms)
		EndReloadAssembly (625ms)
			LoadAssemblies (68ms)
			RebuildTransferFunctionScriptingTraits (0ms)
			SetupTypeCache (90ms)
			ReleaseScriptCaches (0ms)
			RebuildScriptCaches (21ms)
			SetupLoadedEditorAssemblies (471ms)
				LogAssemblyErrors (0ms)
				InitializePlatformSupportModulesInManaged (279ms)
				SetLoadedEditorAssemblies (0ms)
				RefreshPlugins (81ms)
				BeforeProcessingInitializeOnLoad (1ms)
				ProcessInitializeOnLoadAttributes (73ms)
				ProcessInitializeOnLoadMethodAttributes (37ms)
				AfterProcessingInitializeOnLoad (0ms)
				EditorAssembliesLoaded (0ms)
			ExecutionOrderSort2 (0ms)
			AwakeInstancesAfterBackupRestoration (0ms)
Platform modules already initialized, skipping
Registering precompiled user dll's ...
Registered in 0.004629 seconds.
Begin MonoManager ReloadAssembly
Symbol file LoadedFromMemory doesn't match image C:\projects\SurvivalNew\Survival\Library\PackageCache\com.unity.visualscripting@1.8.0\Editor\VisualScripting.Core\Dependencies\YamlDotNet\Unity.VisualScripting.YamlDotNet.dll
Symbol file LoadedFromMemory doesn't match image C:\projects\SurvivalNew\Survival\Library\PackageCache\com.unity.visualscripting@1.8.0\Editor\VisualScripting.Core\Dependencies\DotNetZip\Unity.VisualScripting.IonicZip.dll
Native extension for WindowsStandalone target not found
Native extension for Android target not found
Refreshing native plugins compatible for Editor in 0.78 ms, found 3 plugins.
Preloading 0 native plugins for Editor in 0.00 ms.
Mono: successfully reloaded assembly
- Completed reload, in  1.042 seconds
Domain Reload Profiling:
	ReloadAssembly (1043ms)
		BeginReloadAssembly (99ms)
			ExecutionOrderSort (0ms)
			DisableScriptedObjects (5ms)
			BackupInstance (0ms)
			ReleaseScriptingObjects (0ms)
			CreateAndSetChildDomain (17ms)
		EndReloadAssembly (855ms)
			LoadAssemblies (72ms)
			RebuildTransferFunctionScriptingTraits (0ms)
			SetupTypeCache (220ms)
			ReleaseScriptCaches (1ms)
			RebuildScriptCaches (51ms)
			SetupLoadedEditorAssemblies (468ms)
				LogAssemblyErrors (0ms)
				InitializePlatformSupportModulesInManaged (17ms)
				SetLoadedEditorAssemblies (0ms)
				RefreshPlugins (1ms)
				BeforeProcessingInitializeOnLoad (70ms)
				ProcessInitializeOnLoadAttributes (360ms)
				ProcessInitializeOnLoadMethodAttributes (14ms)
				AfterProcessingInitializeOnLoad (6ms)
				EditorAssembliesLoaded (0ms)
			ExecutionOrderSort2 (0ms)
			AwakeInstancesAfterBackupRestoration (4ms)
Platform modules already initialized, skipping
========================================================================
Worker process is ready to serve import requests
Launched and connected shader compiler UnityShaderCompiler.exe after 0.03 seconds
Refreshing native plugins compatible for Editor in 0.78 ms, found 3 plugins.
Preloading 0 native plugins for Editor in 0.00 ms.
Unloading 3526 Unused Serialized files (Serialized files now loaded: 0)
Unloading 30 unused Assets / (48.0 KB). Loaded Objects now: 4011.
Memory consumption went from 152.4 MB to 152.3 MB.
Total: 2.261300 ms (FindLiveObjects: 0.190000 ms CreateObjectMapping: 0.076800 ms MarkObjects: 1.905200 ms  DeleteObjects: 0.088400 ms)

AssetImportParameters requested are different than current active one (requested -> active):
  custom:video-decoder-ogg-theora: a1e56fd34408186e4bbccfd4996cb3dc -> 
  custom:container-muxer-webm: aa71ff27fc2769a1b78a27578f13a17b -> 
  custom:container-demuxer-webm: 4f35f7cbe854078d1ac9338744f61a02 -> 
  custom:video-encoder-webm-vp8: eb34c28f22e8b96e1ab97ce403110664 -> 
  custom:CustomObjectIndexerAttribute: bc11b3a6c3213fcdd17b65e7da85e133 -> 
  custom:audio-encoder-webm-vorbis: bf7c407c2cedff20999df2af8eb42d56 -> 
  custom:framework-win-MediaFoundation: 216162199b28c13a410421893ffa2e32 -> 
  custom:container-demuxer-ogg: 62fdf1f143b41e24485cea50d1cbac27 -> 
  custom:video-decoder-webm-vp8: 9c59270c3fd7afecdb556c50c9e8de78 -> 
  custom:audio-decoder-ogg-vorbis: bf7c407c2cedff20999df2af8eb42d56 -> 
========================================================================
Received Import Request.
  Time since last request: 720.353437 seconds.
  path: Assets/Player@Bow.asset
  artifactKey: Guid(df70a964d48f92f4d9f8ffee99fdea73) Importer(815301076,1909f56bfc062723c751e8b465ee728b)
Start importing Assets/Player@Bow.asset using Guid(df70a964d48f92f4d9f8ffee99fdea73) Importer(815301076,1909f56bfc062723c751e8b465ee728b)  -> (artifact id: '9b072d62fe94d60cbb3dcbf37f5f083a') in 0.052123 seconds 
========================================================================
Received Import Request.
  Time since last request: 9.187822 seconds.
  path: Assets/Invector-3rdPersonController/Basic Locomotion/3D Models/Others/NewAssets/_stairs.prefab
  artifactKey: Guid(e5e911e47916cfc439e4036756e48bf1) Importer(815301076,1909f56bfc062723c751e8b465ee728b)
Start importing Assets/Invector-3rdPersonController/Basic Locomotion/3D Models/Others/NewAssets/_stairs.prefab using Guid(e5e911e47916cfc439e4036756e48bf1) Importer(815301076,1909f56bfc062723c751e8b465ee728b)  -> (artifact id: '4ecc3d6bdbb6578202a606e99ef6a805') in 0.123840 seconds 
========================================================================
Received Import Request.
  Time since last request: 0.000019 seconds.
  path: Assets/Invector-3rdPersonController/Melee Combat/3DModels/Other/meleeStatue.fbx
  artifactKey: Guid(43711bc6ab30c37459189132a588bb0f) Importer(815301076,1909f56bfc062723c751e8b465ee728b)
Start importing Assets/Invector-3rdPersonController/Melee Combat/3DModels/Other/meleeStatue.fbx using Guid(43711bc6ab30c37459189132a588bb0f) Importer(815301076,1909f56bfc062723c751e8b465ee728b)  -> (artifact id: 'f5a06af7267b4a411ea5b3df556e4b84') in 0.139906 seconds 
========================================================================
Received Import Request.
  Time since last request: 0.000017 seconds.
  path: Assets/Invector-3rdPersonController/Basic Locomotion/3D Models/Textures/basicTextures/Materials/locomotion_statuePlate.mat
  artifactKey: Guid(cefe63fbb5dbcf948bf6a6d33f3a029f) Importer(815301076,1909f56bfc062723c751e8b465ee728b)
Start importing Assets/Invector-3rdPersonController/Basic Locomotion/3D Models/Textures/basicTextures/Materials/locomotion_statuePlate.mat using Guid(cefe63fbb5dbcf948bf6a6d33f3a029f) Importer(815301076,1909f56bfc062723c751e8b465ee728b)  -> (artifact id: '4aac7cefeaa581581202f428552ee2ff') in 0.054201 seconds 
========================================================================
Received Import Request.
  Time since last request: 0.000024 seconds.
  path: Assets/Invector-3rdPersonController/Basic Locomotion/Resources/Invector_vStatue.mat
  artifactKey: Guid(a114e0c267353ff4d83c452b2db96b1f) Importer(815301076,1909f56bfc062723c751e8b465ee728b)
Start importing Assets/Invector-3rdPersonController/Basic Locomotion/Resources/Invector_vStatue.mat using Guid(a114e0c267353ff4d83c452b2db96b1f) Importer(815301076,1909f56bfc062723c751e8b465ee728b)  -> (artifact id: '09d939c773195eedc36d41952dae607b') in 0.021647 seconds 
========================================================================
Received Import Request.
  Time since last request: 0.000015 seconds.
  path: Assets/Invector-3rdPersonController/Shooter/Prefabs/Particles/Explosion/Materials/Fire_static.mat
  artifactKey: Guid(8efaaea277981b44aa80668ae5c814b2) Importer(815301076,1909f56bfc062723c751e8b465ee728b)
Start importing Assets/Invector-3rdPersonController/Shooter/Prefabs/Particles/Explosion/Materials/Fire_static.mat using Guid(8efaaea277981b44aa80668ae5c814b2) Importer(815301076,1909f56bfc062723c751e8b465ee728b)  -> (artifact id: '741b8ad62f391ae027756d96bb586c1a') in 0.017695 seconds 
========================================================================
Received Import Request.
  Time since last request: 0.000014 seconds.
  path: Assets/Invector-3rdPersonController/ItemManager/3D Models/Materials/potionStamina.000.mat
  artifactKey: Guid(9bac7a2a6fe81c546b86cbf97b857a6e) Importer(815301076,1909f56bfc062723c751e8b465ee728b)
Start importing Assets/Invector-3rdPersonController/ItemManager/3D Models/Materials/potionStamina.000.mat using Guid(9bac7a2a6fe81c546b86cbf97b857a6e) Importer(815301076,1909f56bfc062723c751e8b465ee728b)  -> (artifact id: 'da2cb7678717a2c0d5ff9bb41ab2fdae') in 0.015075 seconds 
========================================================================
Received Import Request.
  Time since last request: 0.000014 seconds.
  path: Assets/Emerald AI/Demo Source/AI Models/BitGem/Skeleton_Swordsman/Models/skeleton_swordsman_allinone.fbx
  artifactKey: Guid(fdb031097e06548bcbd93c253ac24868) Importer(815301076,1909f56bfc062723c751e8b465ee728b)
Start importing Assets/Emerald AI/Demo Source/AI Models/BitGem/Skeleton_Swordsman/Models/skeleton_swordsman_allinone.fbx using Guid(fdb031097e06548bcbd93c253ac24868) Importer(815301076,1909f56bfc062723c751e8b465ee728b)  -> (artifact id: '646088d043b35198694ceaa6d586f107') in 0.108164 seconds 
========================================================================
Received Import Request.
  Time since last request: 0.000017 seconds.
  path: Assets/Invector-3rdPersonController/Basic Locomotion/3D Models/Textures/basicTextures/locomotion_statuePlate_NRM2.png
  artifactKey: Guid(7383eb6f15010bb4dab02061848e6535) Importer(815301076,1909f56bfc062723c751e8b465ee728b)
Start importing Assets/Invector-3rdPersonController/Basic Locomotion/3D Models/Textures/basicTextures/locomotion_statuePlate_NRM2.png using Guid(7383eb6f15010bb4dab02061848e6535) Importer(815301076,1909f56bfc062723c751e8b465ee728b)  -> (artifact id: '9e22d849461a780ba45cb8b0dcc82cf5') in 0.031983 seconds 
========================================================================
Received Import Request.
  Time since last request: 0.000018 seconds.
  path: Assets/Invector-3rdPersonController/ItemManager/3D Models/Materials/potionStamina.002.mat
  artifactKey: Guid(5d35539fd6bad1b4c963b07f0903a6b3) Importer(815301076,1909f56bfc062723c751e8b465ee728b)
Start importing Assets/Invector-3rdPersonController/ItemManager/3D Models/Materials/potionStamina.002.mat using Guid(5d35539fd6bad1b4c963b07f0903a6b3) Importer(815301076,1909f56bfc062723c751e8b465ee728b)  -> (artifact id: 'a3f841af5cda753772f8ef694cdd57d6') in 0.009785 seconds 
========================================================================
Received Import Request.
  Time since last request: 0.000023 seconds.
  path: Assets/Invector-3rdPersonController/ItemManager/Icons/Melee/V_potion_stamina.png
  artifactKey: Guid(a7eb39caa37204044ae09aa0c8699270) Importer(815301076,1909f56bfc062723c751e8b465ee728b)
Start importing Assets/Invector-3rdPersonController/ItemManager/Icons/Melee/V_potion_stamina.png using Guid(a7eb39caa37204044ae09aa0c8699270) Importer(815301076,1909f56bfc062723c751e8b465ee728b)  -> (artifact id: '4e50ab9989fc194db2e35868856724d7') in 0.036104 seconds 
========================================================================
Received Import Request.
  Time since last request: 0.000013 seconds.
  path: Assets/Invector-3rdPersonController/ItemManager/3D Models/Materials/potionStamina.003.mat
  artifactKey: Guid(fcd49da1846aa334fb26346d8891081e) Importer(815301076,1909f56bfc062723c751e8b465ee728b)
Start importing Assets/Invector-3rdPersonController/ItemManager/3D Models/Materials/potionStamina.003.mat using Guid(fcd49da1846aa334fb26346d8891081e) Importer(815301076,1909f56bfc062723c751e8b465ee728b)  -> (artifact id: '84169dfa987611293cff568560305d0c') in 0.009959 seconds 
Editor requested this worker to shutdown with reason: Scaling down because of idle timeout
AssetImportWorker is now disconnected from the server
Process exiting
Exiting without the bug reporter. Application will terminate with return code 0